  ANT overnight script starting...
======================================================================
  ANT — Overnight Training (M4 MPS)
======================================================================
  Device:     mps
  HF source:  kaaninel/ANT/checkpoints/chat/checkpoint_latest.pt
  Output:     checkpoints/overnight
  Phases:     P1=1000 P2=500 P3=8000
  Total:      9,500 steps
  Data:       wiki=5,000 shell=1,000 qa=5,000 chat=30,000
  Window:     W=8 passes=4 stride=1
  Batch:      8 × 1 = 8 effective
  Est time:   ~3.8h at 0.7 it/s


  ┌─── Model Architecture ───
  │ d_model=128  n_heads=4  head_dim=32
  │ n_layers=4  ffn_dim=256  max_seq=192
  │ mem_slots=9  max_memory_slots=9  addr_heads=3  addr_dim=8
  │ params: 828,306 total (0.83M), 828,306 trainable
  │ breakdown: embed=32,768  layers=787,984  heads=3,330  lm_head=0
  └────────────────────

  Loading weights from checkpoints/overnight/checkpoint_best.pt...
  ✓ Loaded (step=1500, QA=0.0%)


============================================================
  ANT — Unified Causal Sliding Window Training
============================================================
  Window size:     8
  Stride:          1
  Num passes:      4
  Batch size:      8 (micro) × 1 accum = 8 effective
  BF16:            False
  Compile:         False
  Phase 1 (LM):    1000 steps
  Phase 2 (LM+QA): 500 steps
  Phase 3 (all):   8000 steps
  Total:           9500 steps
  Output:          checkpoints/overnight

  Loading data...
  Loading cached Wikipedia sentences from data_cache/wiki_sentences_5000.txt
    Wikipedia: 5000 sentences
    Shell:     1000 commands
  Loading cached HF chat data from data_cache/hf_chat_30000_600b.txt
    Chat:      30000 pairs
    QA train:  5000 examples
    QA val:    500 examples
    LM dataset:   6000 samples
    Chat dataset: 30000 samples

  ────────────────────────────────────────────────────────
  Training started at 15:54:18
  ────────────────────────────────────────────────────────
  [P1     1/9500] loss=1.5295 lm=1.5295 gnorm=4.72 lr=5.0e-07 spd=0.0it/s [1s / ETA 4813s]
  [P1    25/9500] loss=1.6231 lm=1.6231 gnorm=4.62 lr=1.3e-05 spd=2.8it/s [9s / ETA 3373s]
  [P1    50/9500] loss=1.5922 lm=1.5922 gnorm=5.51 lr=2.5e-05 spd=2.8it/s [18s / ETA 3406s]
  [P1    75/9500] loss=1.5470 lm=1.5470 gnorm=5.21 lr=3.8e-05 spd=2.8it/s [27s / ETA 3404s]
  [P1   100/9500] loss=1.5465 lm=1.5465 gnorm=5.92 lr=5.0e-05 spd=2.8it/s [36s / ETA 3403s]
  [P1   125/9500] loss=1.9613 lm=1.9613 gnorm=5.66 lr=6.3e-05 spd=2.8it/s [45s / ETA 3383s]
  [P1   150/9500] loss=1.6035 lm=1.6035 gnorm=5.89 lr=7.5e-05 spd=2.7it/s [55s / ETA 3401s]
  [P1   175/9500] loss=1.7799 lm=1.7799 gnorm=6.03 lr=8.8e-05 spd=2.7it/s [63s / ETA 3382s]
  [P1   200/9500] loss=1.5768 lm=1.5768 gnorm=5.37 lr=1.0e-04 spd=2.8it/s [73s / ETA 3379s]
  [P1   225/9500] loss=1.7493 lm=1.7493 gnorm=5.52 lr=1.0e-04 spd=2.8it/s [81s / ETA 3358s]
  [P1   250/9500] loss=1.5952 lm=1.5952 gnorm=5.63 lr=9.9e-05 spd=2.9it/s [90s / ETA 3335s]
  [P1   275/9500] loss=1.6336 lm=1.6336 gnorm=4.57 lr=9.8e-05 spd=2.9it/s [99s / ETA 3307s]
  [P1   300/9500] loss=1.8138 lm=1.8138 gnorm=5.82 lr=9.6e-05 spd=2.9it/s [107s / ETA 3290s]
  [P1   325/9500] loss=1.5846 lm=1.5846 gnorm=4.04 lr=9.4e-05 spd=2.8it/s [116s / ETA 3278s]
  [P1   350/9500] loss=1.9736 lm=1.9736 gnorm=6.12 lr=9.2e-05 spd=2.9it/s [125s / ETA 3261s]
  [P1   375/9500] loss=1.6520 lm=1.6520 gnorm=4.84 lr=8.9e-05 spd=2.9it/s [133s / ETA 3244s]
  [P1   400/9500] loss=1.5586 lm=1.5586 gnorm=5.14 lr=8.6e-05 spd=2.9it/s [142s / ETA 3236s]
  [P1   425/9500] loss=1.6992 lm=1.6992 gnorm=5.56 lr=8.2e-05 spd=2.9it/s [151s / ETA 3220s]
  [P1   450/9500] loss=1.5717 lm=1.5717 gnorm=4.94 lr=7.8e-05 spd=2.8it/s [160s / ETA 3213s]
  [P1   475/9500] loss=1.4216 lm=1.4216 gnorm=4.93 lr=7.4e-05 spd=2.7it/s [169s / ETA 3213s]
  [P1   500/9500] loss=1.5125 lm=1.5125 gnorm=5.00 lr=6.9e-05 spd=2.6it/s [179s / ETA 3216s]

  ╔══ EVAL @ step 500 (Phase 1) ══
  ║ LM loss: 1.5125
  ║ Sample: The top he extinction to the beginated by Agassi with a distance from the search
  ╚════════════════════════════════════════

  [P1   525/9500] loss=1.5239 lm=1.5239 gnorm=4.94 lr=6.5e-05 spd=2.4it/s [190s / ETA 3246s]
  [P1   550/9500] loss=1.5610 lm=1.5610 gnorm=4.34 lr=6.0e-05 spd=2.3it/s [201s / ETA 3266s]
  [P1   575/9500] loss=1.5829 lm=1.5829 gnorm=4.32 lr=5.5e-05 spd=2.3it/s [212s / ETA 3283s]
  [P1   600/9500] loss=1.6211 lm=1.6211 gnorm=5.12 lr=5.1e-05 spd=2.3it/s [223s / ETA 3302s]
  [P1   625/9500] loss=1.5268 lm=1.5268 gnorm=4.80 lr=4.6e-05 spd=2.3it/s [233s / ETA 3308s]
  [P1   650/9500] loss=1.6014 lm=1.6014 gnorm=5.56 lr=4.1e-05 spd=2.4it/s [244s / ETA 3318s]
  [P1   675/9500] loss=1.4566 lm=1.4566 gnorm=4.56 lr=3.6e-05 spd=2.3it/s [255s / ETA 3328s]
  [P1   700/9500] loss=1.6462 lm=1.6462 gnorm=4.70 lr=3.2e-05 spd=2.3it/s [266s / ETA 3341s]
  [P1   725/9500] loss=1.6638 lm=1.6638 gnorm=5.11 lr=2.7e-05 spd=2.2it/s [278s / ETA 3360s]
  [P1   750/9500] loss=1.8496 lm=1.8496 gnorm=5.91 lr=2.3e-05 spd=2.1it/s [289s / ETA 3374s]
  [P1   775/9500] loss=1.5913 lm=1.5913 gnorm=5.07 lr=1.9e-05 spd=2.2it/s [301s / ETA 3385s]
  [P1   800/9500] loss=1.6210 lm=1.6210 gnorm=4.14 lr=1.5e-05 spd=2.3it/s [312s / ETA 3388s]
  [P1   825/9500] loss=1.4528 lm=1.4528 gnorm=4.42 lr=1.2e-05 spd=2.3it/s [322s / ETA 3389s]
  [P1   850/9500] loss=1.5812 lm=1.5812 gnorm=4.83 lr=9.3e-06 spd=2.2it/s [334s / ETA 3396s]
  [P1   875/9500] loss=1.4610 lm=1.4610 gnorm=4.50 lr=6.8e-06 spd=2.1it/s [346s / ETA 3410s]
  [P1   900/9500] loss=1.7980 lm=1.7980 gnorm=5.93 lr=4.8e-06 spd=1.9it/s [361s / ETA 3449s]
  [P1   925/9500] loss=1.6272 lm=1.6272 gnorm=4.64 lr=3.1e-06 spd=1.8it/s [374s / ETA 3466s]
  [P1   950/9500] loss=1.5331 lm=1.5331 gnorm=4.77 lr=2.0e-06 spd=2.0it/s [386s / ETA 3472s]
  [P1   975/9500] loss=1.9035 lm=1.9035 gnorm=5.97 lr=1.2e-06 spd=2.1it/s [398s / ETA 3477s]
  [P1  1000/9500] loss=1.5820 lm=1.5820 gnorm=5.75 lr=1.0e-06 spd=2.1it/s [409s / ETA 3476s]

  ══ Phase 1 → 2: Adding Memory QA ══


  ╔══ EVAL @ step 1000 (Phase 1) ══
  ║ LM loss: 1.5820
  ║ Sample: The also contribution of the echnology and the appeared into original state, who
  ╚════════════════════════════════════════

  [P2  1025/9500] loss=0.7890 lm=1.5758 qa=0.0021 gnorm=2.62 lr=1.7e-05 spd=1.9it/s [424s / ETA 3505s]
  [P2  1050/9500] loss=0.7657 lm=1.5280 qa=0.0034 gnorm=2.43 lr=3.4e-05 spd=1.7it/s [439s / ETA 3530s]
  [P2  1075/9500] loss=0.7644 lm=1.5271 qa=0.0017 gnorm=2.71 lr=5.0e-05 spd=1.6it/s [455s / ETA 3563s]
  [P2  1100/9500] loss=0.8172 lm=1.6328 qa=0.0016 gnorm=2.94 lr=6.7e-05 spd=1.6it/s [470s / ETA 3586s]
  [P2  1125/9500] loss=0.8274 lm=1.6521 qa=0.0027 gnorm=2.68 lr=6.6e-05 spd=1.7it/s [484s / ETA 3603s]
  [P2  1150/9500] loss=0.7945 lm=1.5831 qa=0.0059 gnorm=2.54 lr=6.4e-05 spd=1.7it/s [500s / ETA 3628s]
  [P2  1175/9500] loss=0.7775 lm=1.5530 qa=0.0019 gnorm=2.35 lr=6.1e-05 spd=1.5it/s [516s / ETA 3659s]
  [P2  1200/9500] loss=0.8139 lm=1.6262 qa=0.0016 gnorm=2.80 lr=5.7e-05 spd=1.6it/s [531s / ETA 3674s]
  [P2  1225/9500] loss=0.7653 lm=1.5291 qa=0.0015 gnorm=2.57 lr=5.2e-05 spd=1.7it/s [546s / ETA 3687s]
  [P2  1250/9500] loss=0.7667 lm=1.4654 qa=0.0679 gnorm=10.16 lr=4.7e-05 spd=1.7it/s [561s / ETA 3705s]
  [P2  1275/9500] loss=0.7345 lm=1.4675 qa=0.0014 gnorm=2.62 lr=4.0e-05 spd=1.6it/s [577s / ETA 3722s]
  [P2  1300/9500] loss=0.8331 lm=1.6646 qa=0.0015 gnorm=2.36 lr=3.4e-05 spd=1.7it/s [591s / ETA 3730s]
  [P2  1325/9500] loss=0.8459 lm=1.6905 qa=0.0013 gnorm=2.39 lr=2.8e-05 spd=1.7it/s [607s / ETA 3743s]
  [P2  1350/9500] loss=0.8020 lm=1.5716 qa=0.0323 gnorm=7.85 lr=2.1e-05 spd=1.7it/s [621s / ETA 3750s]
  [P2  1375/9500] loss=0.7572 lm=1.5132 qa=0.0011 gnorm=2.60 lr=1.6e-05 spd=1.7it/s [637s / ETA 3761s]
  [P2  1400/9500] loss=0.7379 lm=1.4751 qa=0.0006 gnorm=2.41 lr=1.1e-05 spd=1.6it/s [653s / ETA 3775s]
  [P2  1425/9500] loss=0.8412 lm=1.6770 qa=0.0053 gnorm=2.84 lr=6.6e-06 spd=1.7it/s [666s / ETA 3776s]
  [P2  1450/9500] loss=0.7542 lm=1.5079 qa=0.0005 gnorm=2.85 lr=3.5e-06 spd=1.7it/s [681s / ETA 3782s]
  [P2  1475/9500] loss=0.7502 lm=1.4990 qa=0.0013 gnorm=2.21 lr=1.6e-06 spd=1.7it/s [696s / ETA 3788s]
  [P2  1500/9500] loss=0.7467 lm=1.4925 qa=0.0009 gnorm=2.59 lr=1.0e-06 spd=1.7it/s [711s / ETA 3793s]

  ══ Phase 2 → 3: Adding Chat ══

    1-fact: 42/42 = 100.0%
    2-fact: 37/37 = 100.0%
    3-fact: 21/21 = 100.0%

  ╔══ EVAL @ step 1500 (Phase 2) ══
  ║ QA Accuracy: 100.0%  (best: 100.0%)
  ║ LM loss: 1.4925
  ║ QA loss: 0.0009
  ║ Sample: The also reveal of anarches been in 1919 can the relatively of the made are of t
  ╚════════════════════════════════════════

  ✓ Best checkpoint saved (QA: 100.0%)
  [P3  1525/9500] loss=1.7272 lm=1.6552 qa=0.0014 chat=3.5271 gnorm=6.15 lr=8.3e-06 spd=0.6it/s [784s / ETA 4099s]
  [P3  1550/9500] loss=1.4453 lm=1.5144 qa=0.0622 chat=2.7572 gnorm=7.68 lr=1.7e-05 spd=0.2it/s [1000s / ETA 5131s]
  [P3  1575/9500] loss=1.1730 lm=1.5490 qa=0.0104 chat=1.9483 gnorm=2.48 lr=2.5e-05 spd=0.1it/s [1153s / ETA 5799s]
  [P3  1600/9500] loss=1.0978 lm=1.5794 qa=0.0046 chat=1.6947 gnorm=2.26 lr=3.3e-05 spd=0.2it/s [1258s / ETA 6212s]
  [P3  1625/9500] loss=1.1051 lm=1.5264 qa=0.0067 chat=1.7694 gnorm=2.07 lr=3.3e-05 spd=0.2it/s [1380s / ETA 6687s]
  [P3  1650/9500] loss=1.1588 lm=1.7614 qa=0.0050 chat=1.6918 gnorm=2.52 lr=3.3e-05 spd=0.2it/s [1545s / ETA 7349s]
  [P3  1675/9500] loss=1.1753 lm=1.5572 qa=0.0050 chat=1.9520 gnorm=1.97 lr=3.3e-05 spd=0.1it/s [1762s / ETA 8231s]
  [P3  1700/9500] loss=1.1436 lm=1.7295 qa=0.0029 chat=1.6808 gnorm=2.52 lr=3.3e-05 spd=0.2it/s [1856s / ETA 8516s]
  [P3  1725/9500] loss=1.0402 lm=1.5326 qa=0.0027 chat=1.5704 gnorm=1.70 lr=3.3e-05 spd=0.2it/s [2090s / ETA 9421s]
  [P3  1750/9500] loss=1.0349 lm=1.5093 qa=0.0033 chat=1.5777 gnorm=2.02 lr=3.3e-05 spd=0.1it/s [2230s / ETA 9876s]
  [P3  1775/9500] loss=1.1021 lm=1.5814 qa=0.0052 chat=1.7052 gnorm=2.14 lr=3.3e-05 spd=0.2it/s [2350s / ETA 10230s]
  [P3  1800/9500] loss=1.0565 lm=1.5768 qa=0.0048 chat=1.5722 gnorm=1.90 lr=3.3e-05 spd=0.2it/s [2429s / ETA 10390s]
  [P3  1825/9500] loss=1.0734 lm=1.5448 qa=0.0046 chat=1.6566 gnorm=2.03 lr=3.3e-05 spd=0.2it/s [2602s / ETA 10944s]
  [P3  1850/9500] loss=0.9815 lm=1.3157 qa=0.0192 chat=1.5993 gnorm=14.21 lr=3.3e-05 spd=0.2it/s [2722s / ETA 11256s]
  [P3  1875/9500] loss=1.2429 lm=1.4490 qa=0.0022 chat=2.2712 gnorm=2.27 lr=3.3e-05 spd=0.2it/s [2934s / ETA 11931s]
  [P3  1900/9500] loss=1.0482 lm=1.5073 qa=0.0018 chat=1.6215 gnorm=2.10 lr=3.3e-05 spd=0.2it/s [3030s / ETA 12120s]
  [P3  1925/9500] loss=1.0186 lm=1.4539 qa=0.0014 chat=1.5873 gnorm=1.84 lr=3.3e-05 spd=0.2it/s [3262s / ETA 12838s]
  [P3  1950/9500] loss=0.9699 lm=1.4668 qa=0.0027 chat=1.4253 gnorm=2.18 lr=3.3e-05 spd=0.1it/s [3404s / ETA 13179s]
  [P3  1975/9500] loss=1.1037 lm=1.4269 qa=0.0021 chat=1.8723 gnorm=2.03 lr=3.3e-05 spd=0.1it/s [3656s / ETA 13931s]
  [P3  2000/9500] loss=1.0763 lm=1.5998 qa=0.0031 chat=1.6102 gnorm=2.17 lr=3.3e-05 spd=0.1it/s [3933s / ETA 14748s]
    1-fact: 42/42 = 100.0%
    2-fact: 37/37 = 100.0%
    3-fact: 19/21 = 90.5%

  ╔══ EVAL @ step 2000 (Phase 3) ══
  ║ QA Accuracy: 98.0%  (best: 100.0%)
  ║ LM loss: 1.5998
  ║ QA loss: 0.0031
  ║ Chat loss: 1.6102
  ║ Sample: The since that also mind to the programs and an early have been was as the origi
  ╚════════════════════════════════════════

    ⚠ HF upload failed: 401 Client Error. (Request ID: Root=1-69d65f5d-1a8b0de21471ea540feed3b9;210cce9c-af6a-4186-aa86-caf1f425a948)

Repository Not Found for url: https://huggingface.co/api/models/kaaninel/ANT/preupload/main.
Please make sure you specified the correct `repo_id` and `repo_type`.
If you are trying to access a private or gated repo, make sure you are authenticated. For more details, see https://huggingface.co/docs/huggingface_hub/authentication
Invalid username or password.
Note: Creating a commit assumes that the repo already exists on the Huggingface Hub. Please use `create_repo` if it's not the case.
  [P3  2025/9500] loss=1.1102 lm=1.7296 qa=0.0034 chat=1.5788 gnorm=2.10 lr=3.3e-05 spd=0.1it/s [4116s / ETA 15193s]
  [P3  2050/9500] loss=0.9933 lm=1.4263 qa=0.0020 chat=1.5385 gnorm=2.08 lr=3.3e-05 spd=0.1it/s [4693s / ETA 17055s]
  [P3  2075/9500] loss=0.9591 lm=1.4864 qa=0.0014 chat=1.3734 gnorm=1.82 lr=3.3e-05 spd=0.1it/s [4904s / ETA 17548s]
  [P3  2100/9500] loss=1.0330 lm=1.4931 qa=0.0040 chat=1.5880 gnorm=1.66 lr=3.3e-05 spd=0.1it/s [5224s / ETA 18409s]
